
  .   ____          _            __ _ _
 /\\ / ___'_ __ _ _(_)_ __  __ _ \ \ \ \
( ( )\___ | '_ | '_| | '_ \/ _` | \ \ \ \
 \\/  ___)| |_)| | | | | || (_| |  ) ) ) )
  '  |____| .__|_| |_|_| |_\__, | / / / /
 =========|_|==============|___/=/_/_/_/
 :: Spring Boot ::        (v1.5.7.RELEASE)

2017-10-25 21:29:27.788  INFO 9696 --- [           main] com.paytm.LoggerApplication              : Starting LoggerApplication v0.1-SNAPSHOT on DESKTOP-AB80SJP with PID 9696 (C:\Development\paytm\app\logger\target\logger-0.1-SNAPSHOT.jar started by Gaurav in C:\Development\paytm\app\logger)
2017-10-25 21:29:27.794  INFO 9696 --- [           main] com.paytm.LoggerApplication              : No active profile set, falling back to default profiles: default
2017-10-25 21:29:27.923  INFO 9696 --- [           main] ationConfigEmbeddedWebApplicationContext : Refreshing org.springframework.boot.context.embedded.AnnotationConfigEmbeddedWebApplicationContext@6e5e91e4: startup date [Wed Oct 25 21:29:27 EDT 2017]; root of context hierarchy
2017-10-25 21:29:31.891  INFO 9696 --- [           main] s.b.c.e.t.TomcatEmbeddedServletContainer : Tomcat initialized with port(s): 7777 (http)
2017-10-25 21:29:31.910  INFO 9696 --- [           main] o.apache.catalina.core.StandardService   : Starting service [Tomcat]
2017-10-25 21:29:31.912  INFO 9696 --- [           main] org.apache.catalina.core.StandardEngine  : Starting Servlet Engine: Apache Tomcat/8.5.20
2017-10-25 21:29:32.271  INFO 9696 --- [ost-startStop-1] o.a.c.c.C.[Tomcat].[localhost].[/]       : Initializing Spring embedded WebApplicationContext
2017-10-25 21:29:32.272  INFO 9696 --- [ost-startStop-1] o.s.web.context.ContextLoader            : Root WebApplicationContext: initialization completed in 4354 ms
2017-10-25 21:29:32.851  INFO 9696 --- [ost-startStop-1] o.s.b.w.servlet.FilterRegistrationBean   : Mapping filter: 'characterEncodingFilter' to: [/*]
2017-10-25 21:29:32.852  INFO 9696 --- [ost-startStop-1] o.s.b.w.servlet.FilterRegistrationBean   : Mapping filter: 'hiddenHttpMethodFilter' to: [/*]
2017-10-25 21:29:32.853  INFO 9696 --- [ost-startStop-1] o.s.b.w.servlet.FilterRegistrationBean   : Mapping filter: 'httpPutFormContentFilter' to: [/*]
2017-10-25 21:29:32.853  INFO 9696 --- [ost-startStop-1] o.s.b.w.servlet.FilterRegistrationBean   : Mapping filter: 'requestContextFilter' to: [/*]
2017-10-25 21:29:32.855  INFO 9696 --- [ost-startStop-1] .s.DelegatingFilterProxyRegistrationBean : Mapping filter: 'springSecurityFilterChain' to: [/*]
2017-10-25 21:29:32.856  INFO 9696 --- [ost-startStop-1] o.s.b.w.servlet.ServletRegistrationBean  : Mapping servlet: 'dispatcherServlet' to [/]
2017-10-25 21:29:34.557  INFO 9696 --- [           main] j.LocalContainerEntityManagerFactoryBean : Building JPA container EntityManagerFactory for persistence unit 'default'
2017-10-25 21:29:34.634  INFO 9696 --- [           main] o.hibernate.jpa.internal.util.LogHelper  : HHH000204: Processing PersistenceUnitInfo [
	name: default
	...]
2017-10-25 21:29:34.925  INFO 9696 --- [           main] org.hibernate.Version                    : HHH000412: Hibernate Core {5.0.12.Final}
2017-10-25 21:29:34.927  INFO 9696 --- [           main] org.hibernate.cfg.Environment            : HHH000206: hibernate.properties not found
2017-10-25 21:29:34.931  INFO 9696 --- [           main] org.hibernate.cfg.Environment            : HHH000021: Bytecode provider name : javassist
2017-10-25 21:29:35.077  INFO 9696 --- [           main] o.hibernate.annotations.common.Version   : HCANN000001: Hibernate Commons Annotations {5.0.1.Final}
2017-10-25 21:29:37.051  INFO 9696 --- [           main] org.hibernate.dialect.Dialect            : HHH000400: Using dialect: org.hibernate.dialect.H2Dialect
2017-10-25 21:29:39.458  INFO 9696 --- [           main] org.hibernate.tool.hbm2ddl.SchemaExport  : HHH000227: Running hbm2ddl schema export
2017-10-25 21:29:39.490  INFO 9696 --- [           main] org.hibernate.tool.hbm2ddl.SchemaExport  : HHH000230: Schema export complete
2017-10-25 21:29:39.613  INFO 9696 --- [           main] j.LocalContainerEntityManagerFactoryBean : Initialized JPA EntityManagerFactory for persistence unit 'default'
2017-10-25 21:29:41.616  INFO 9696 --- [           main] s.w.s.m.m.a.RequestMappingHandlerAdapter : Looking for @ControllerAdvice: org.springframework.boot.context.embedded.AnnotationConfigEmbeddedWebApplicationContext@6e5e91e4: startup date [Wed Oct 25 21:29:27 EDT 2017]; root of context hierarchy
2017-10-25 21:29:41.877  INFO 9696 --- [           main] s.w.s.m.m.a.RequestMappingHandlerMapping : Mapped "{[/event],methods=[GET]}" onto public java.lang.Iterable<com.paytm.pojo.MyEvent> com.paytm.controller.Controller.listAll(java.lang.String)
2017-10-25 21:29:41.880  INFO 9696 --- [           main] s.w.s.m.m.a.RequestMappingHandlerMapping : Mapped "{[/event],methods=[POST],consumes=[application/json]}" onto public com.paytm.pojo.MyEvent com.paytm.controller.Controller.saveAnEvent(com.paytm.pojo.MyEvent)
2017-10-25 21:29:41.884  INFO 9696 --- [           main] s.w.s.m.m.a.RequestMappingHandlerMapping : Mapped "{[/error]}" onto public org.springframework.http.ResponseEntity<java.util.Map<java.lang.String, java.lang.Object>> org.springframework.boot.autoconfigure.web.BasicErrorController.error(javax.servlet.http.HttpServletRequest)
2017-10-25 21:29:41.884  INFO 9696 --- [           main] s.w.s.m.m.a.RequestMappingHandlerMapping : Mapped "{[/error],produces=[text/html]}" onto public org.springframework.web.servlet.ModelAndView org.springframework.boot.autoconfigure.web.BasicErrorController.errorHtml(javax.servlet.http.HttpServletRequest,javax.servlet.http.HttpServletResponse)
2017-10-25 21:29:41.934  INFO 9696 --- [           main] o.s.w.s.handler.SimpleUrlHandlerMapping  : Mapped URL path [/webjars/**] onto handler of type [class org.springframework.web.servlet.resource.ResourceHttpRequestHandler]
2017-10-25 21:29:41.935  INFO 9696 --- [           main] o.s.w.s.handler.SimpleUrlHandlerMapping  : Mapped URL path [/**] onto handler of type [class org.springframework.web.servlet.resource.ResourceHttpRequestHandler]
2017-10-25 21:29:42.000  INFO 9696 --- [           main] o.s.w.s.handler.SimpleUrlHandlerMapping  : Mapped URL path [/**/favicon.ico] onto handler of type [class org.springframework.web.servlet.resource.ResourceHttpRequestHandler]
2017-10-25 21:29:42.745  INFO 9696 --- [           main] o.s.s.web.DefaultSecurityFilterChain     : Creating filter chain: OrRequestMatcher [requestMatchers=[Ant [pattern='/css/**'], Ant [pattern='/js/**'], Ant [pattern='/images/**'], Ant [pattern='/webjars/**'], Ant [pattern='/**/favicon.ico'], Ant [pattern='/error']]], []
2017-10-25 21:29:42.927  INFO 9696 --- [           main] o.s.s.web.DefaultSecurityFilterChain     : Creating filter chain: OrRequestMatcher [requestMatchers=[Ant [pattern='/**']]], [org.springframework.security.web.context.request.async.WebAsyncManagerIntegrationFilter@301eda63, org.springframework.security.web.context.SecurityContextPersistenceFilter@44c73c26, org.springframework.security.web.header.HeaderWriterFilter@48793bef, org.springframework.security.web.authentication.logout.LogoutFilter@20435c40, org.springframework.security.web.authentication.www.BasicAuthenticationFilter@571c5681, org.springframework.security.web.savedrequest.RequestCacheAwareFilter@60b4beb4, org.springframework.security.web.servletapi.SecurityContextHolderAwareRequestFilter@4196c360, org.springframework.security.web.authentication.AnonymousAuthenticationFilter@3d246ea3, org.springframework.security.web.session.SessionManagementFilter@3eb77ea8, org.springframework.security.web.access.ExceptionTranslationFilter@3e74829, org.springframework.security.web.access.intercept.FilterSecurityInterceptor@59e32960]
2017-10-25 21:29:43.209  INFO 9696 --- [           main] o.s.j.e.a.AnnotationMBeanExporter        : Registering beans for JMX exposure on startup
2017-10-25 21:29:43.343  INFO 9696 --- [           main] s.b.c.e.t.TomcatEmbeddedServletContainer : Tomcat started on port(s): 7777 (http)
2017-10-25 21:29:43.353  INFO 9696 --- [           main] com.paytm.LoggerApplication              : Started LoggerApplication in 16.232 seconds (JVM running for 17.108)
