
  .   ____          _            __ _ _
 /\\ / ___'_ __ _ _(_)_ __  __ _ \ \ \ \
( ( )\___ | '_ | '_| | '_ \/ _` | \ \ \ \
 \\/  ___)| |_)| | | | | || (_| |  ) ) ) )
  '  |____| .__|_| |_|_| |_\__, | / / / /
 =========|_|==============|___/=/_/_/_/
 :: Spring Boot ::        (v1.5.8.RELEASE)

2017-10-25 21:29:50.212 DEBUG 8104 --- [           main] o.s.w.c.s.StandardServletEnvironment     : Adding PropertySource 'servletConfigInitParams' with lowest search precedence
2017-10-25 21:29:50.217 DEBUG 8104 --- [           main] o.s.w.c.s.StandardServletEnvironment     : Adding PropertySource 'servletContextInitParams' with lowest search precedence
2017-10-25 21:29:50.217 DEBUG 8104 --- [           main] o.s.w.c.s.StandardServletEnvironment     : Adding PropertySource 'systemProperties' with lowest search precedence
2017-10-25 21:29:50.217 DEBUG 8104 --- [           main] o.s.w.c.s.StandardServletEnvironment     : Adding PropertySource 'systemEnvironment' with lowest search precedence
2017-10-25 21:29:50.217 DEBUG 8104 --- [           main] o.s.w.c.s.StandardServletEnvironment     : Initialized StandardServletEnvironment with PropertySources [StubPropertySource {name='servletConfigInitParams'}, StubPropertySource {name='servletContextInitParams'}, MapPropertySource {name='systemProperties'}, SystemEnvironmentPropertySource {name='systemEnvironment'}]
2017-10-25 21:29:50.299  INFO 8104 --- [           main] com.paytm.UIApplication                  : Starting UIApplication v0.0.1-SNAPSHOT on DESKTOP-AB80SJP with PID 8104 (C:\Development\paytm\app\ui\target\ui-0.0.1-SNAPSHOT.jar started by Gaurav in C:\Development\paytm\app\ui)
2017-10-25 21:29:50.300  INFO 8104 --- [           main] com.paytm.UIApplication                  : No active profile set, falling back to default profiles: default
2017-10-25 21:29:50.393  INFO 8104 --- [           main] ationConfigEmbeddedWebApplicationContext : Refreshing org.springframework.boot.context.embedded.AnnotationConfigEmbeddedWebApplicationContext@4f8e5cde: startup date [Wed Oct 25 21:29:50 EDT 2017]; root of context hierarchy
2017-10-25 21:29:51.090  INFO 8104 --- [           main] o.s.b.f.s.DefaultListableBeanFactory     : Overriding bean definition for bean 'scopedTarget.oauth2ClientContext' with a different definition: replacing [Root bean: class [null]; scope=session; abstract=false; lazyInit=false; autowireMode=3; dependencyCheck=0; autowireCandidate=false; primary=false; factoryBeanName=org.springframework.security.oauth2.config.annotation.web.configuration.OAuth2ClientConfiguration$OAuth2ClientContextConfiguration; factoryMethodName=oauth2ClientContext; initMethodName=null; destroyMethodName=(inferred); defined in org.springframework.security.oauth2.config.annotation.web.configuration.OAuth2ClientConfiguration$OAuth2ClientContextConfiguration] with [Root bean: class [null]; scope=session; abstract=false; lazyInit=false; autowireMode=3; dependencyCheck=0; autowireCandidate=false; primary=false; factoryBeanName=org.springframework.boot.autoconfigure.security.oauth2.client.OAuth2RestOperationsConfiguration$SessionScopedConfiguration$ClientContextConfiguration; factoryMethodName=oauth2ClientContext; initMethodName=null; destroyMethodName=(inferred); defined in class path resource [org/springframework/boot/autoconfigure/security/oauth2/client/OAuth2RestOperationsConfiguration$SessionScopedConfiguration$ClientContextConfiguration.class]]
2017-10-25 21:29:51.488 DEBUG 8104 --- [           main] o.s.w.c.s.StandardServletEnvironment     : Adding PropertySource 'applicationConfig: [classpath:/application.yml]' with search precedence immediately lower than 'applicationConfigurationProperties'
2017-10-25 21:29:51.489 DEBUG 8104 --- [           main] o.s.w.c.s.StandardServletEnvironment     : Removing PropertySource 'applicationConfigurationProperties'
2017-10-25 21:29:51.489 DEBUG 8104 --- [           main] o.s.w.c.s.StandardServletEnvironment     : Removing PropertySource 'defaultProperties'
2017-10-25 21:29:52.435  INFO 8104 --- [           main] s.b.c.e.t.TomcatEmbeddedServletContainer : Tomcat initialized with port(s): 8080 (http)
2017-10-25 21:29:52.449  INFO 8104 --- [           main] o.apache.catalina.core.StandardService   : Starting service [Tomcat]
2017-10-25 21:29:52.450  INFO 8104 --- [           main] org.apache.catalina.core.StandardEngine  : Starting Servlet Engine: Apache Tomcat/8.5.23
2017-10-25 21:29:52.572  INFO 8104 --- [ost-startStop-1] o.a.c.c.C.[Tomcat].[localhost].[/ui]     : Initializing Spring embedded WebApplicationContext
2017-10-25 21:29:52.572 DEBUG 8104 --- [ost-startStop-1] o.s.web.context.ContextLoader            : Published root WebApplicationContext as ServletContext attribute with name [org.springframework.web.context.WebApplicationContext.ROOT]
2017-10-25 21:29:52.572  INFO 8104 --- [ost-startStop-1] o.s.web.context.ContextLoader            : Root WebApplicationContext: initialization completed in 2182 ms
2017-10-25 21:29:52.961  INFO 8104 --- [ost-startStop-1] o.s.b.w.servlet.FilterRegistrationBean   : Mapping filter: 'characterEncodingFilter' to: [/*]
2017-10-25 21:29:52.962  INFO 8104 --- [ost-startStop-1] o.s.b.w.servlet.FilterRegistrationBean   : Mapping filter: 'hiddenHttpMethodFilter' to: [/*]
2017-10-25 21:29:52.962  INFO 8104 --- [ost-startStop-1] o.s.b.w.servlet.FilterRegistrationBean   : Mapping filter: 'httpPutFormContentFilter' to: [/*]
2017-10-25 21:29:52.962  INFO 8104 --- [ost-startStop-1] o.s.b.w.servlet.FilterRegistrationBean   : Mapping filter: 'OAuth2ClientContextFilter' to: [/*]
2017-10-25 21:29:52.962  INFO 8104 --- [ost-startStop-1] o.s.b.w.servlet.FilterRegistrationBean   : Mapping filter: 'requestContextFilter' to: [/*]
2017-10-25 21:29:52.963  INFO 8104 --- [ost-startStop-1] .s.DelegatingFilterProxyRegistrationBean : Mapping filter: 'springSecurityFilterChain' to: [/*]
2017-10-25 21:29:52.964  INFO 8104 --- [ost-startStop-1] o.s.b.w.servlet.ServletRegistrationBean  : Mapping servlet: 'dispatcherServlet' to [/]
2017-10-25 21:29:52.997 DEBUG 8104 --- [           main] o.s.w.c.s.StandardServletEnvironment     : Replacing PropertySource 'servletContextInitParams' with 'servletContextInitParams'
2017-10-25 21:29:53.211  INFO 8104 --- [           main] o.s.aop.framework.CglibAopProxy          : Final method [protected final org.springframework.context.ApplicationContext org.springframework.security.config.annotation.web.configuration.WebSecurityConfigurerAdapter.getApplicationContext()] cannot get proxied via CGLIB: Calls to this method will NOT be routed to the target instance and might lead to NPEs against uninitialized fields in the proxy instance.
2017-10-25 21:29:53.211  INFO 8104 --- [           main] o.s.aop.framework.CglibAopProxy          : Final method [protected final org.springframework.security.config.annotation.web.builders.HttpSecurity org.springframework.security.config.annotation.web.configuration.WebSecurityConfigurerAdapter.getHttp() throws java.lang.Exception] cannot get proxied via CGLIB: Calls to this method will NOT be routed to the target instance and might lead to NPEs against uninitialized fields in the proxy instance.
2017-10-25 21:29:54.019  INFO 8104 --- [           main] s.w.s.m.m.a.RequestMappingHandlerAdapter : Looking for @ControllerAdvice: org.springframework.boot.context.embedded.AnnotationConfigEmbeddedWebApplicationContext@4f8e5cde: startup date [Wed Oct 25 21:29:50 EDT 2017]; root of context hierarchy
2017-10-25 21:29:54.128 DEBUG 8104 --- [           main] s.w.s.m.m.a.RequestMappingHandlerMapping : Looking for request mappings in application context: org.springframework.boot.context.embedded.AnnotationConfigEmbeddedWebApplicationContext@4f8e5cde: startup date [Wed Oct 25 21:29:50 EDT 2017]; root of context hierarchy
2017-10-25 21:29:54.143 DEBUG 8104 --- [           main] s.w.s.m.m.a.RequestMappingHandlerMapping : 2 request handler methods found on class com.paytm.controller.Controller: {public java.lang.String com.paytm.controller.Controller.getAllLogs(java.security.Principal)={[/logs]}, public java.lang.String com.paytm.controller.Controller.home(java.security.Principal)={[/]}}
2017-10-25 21:29:54.144  INFO 8104 --- [           main] s.w.s.m.m.a.RequestMappingHandlerMapping : Mapped "{[/logs]}" onto public java.lang.String com.paytm.controller.Controller.getAllLogs(java.security.Principal)
2017-10-25 21:29:54.146  INFO 8104 --- [           main] s.w.s.m.m.a.RequestMappingHandlerMapping : Mapped "{[/]}" onto public java.lang.String com.paytm.controller.Controller.home(java.security.Principal)
2017-10-25 21:29:54.149 DEBUG 8104 --- [           main] s.w.s.m.m.a.RequestMappingHandlerMapping : 2 request handler methods found on class org.springframework.boot.autoconfigure.web.BasicErrorController: {public org.springframework.http.ResponseEntity org.springframework.boot.autoconfigure.web.BasicErrorController.error(javax.servlet.http.HttpServletRequest)={[/error]}, public org.springframework.web.servlet.ModelAndView org.springframework.boot.autoconfigure.web.BasicErrorController.errorHtml(javax.servlet.http.HttpServletRequest,javax.servlet.http.HttpServletResponse)={[/error],produces=[text/html]}}
2017-10-25 21:29:54.149  INFO 8104 --- [           main] s.w.s.m.m.a.RequestMappingHandlerMapping : Mapped "{[/error]}" onto public org.springframework.http.ResponseEntity<java.util.Map<java.lang.String, java.lang.Object>> org.springframework.boot.autoconfigure.web.BasicErrorController.error(javax.servlet.http.HttpServletRequest)
2017-10-25 21:29:54.149  INFO 8104 --- [           main] s.w.s.m.m.a.RequestMappingHandlerMapping : Mapped "{[/error],produces=[text/html]}" onto public org.springframework.web.servlet.ModelAndView org.springframework.boot.autoconfigure.web.BasicErrorController.errorHtml(javax.servlet.http.HttpServletRequest,javax.servlet.http.HttpServletResponse)
2017-10-25 21:29:54.220 DEBUG 8104 --- [           main] o.s.w.s.h.BeanNameUrlHandlerMapping      : Looking for URL mappings in application context: org.springframework.boot.context.embedded.AnnotationConfigEmbeddedWebApplicationContext@4f8e5cde: startup date [Wed Oct 25 21:29:50 EDT 2017]; root of context hierarchy
2017-10-25 21:29:54.221 DEBUG 8104 --- [           main] o.s.w.s.h.BeanNameUrlHandlerMapping      : Rejected bean name 'org.springframework.context.annotation.internalConfigurationAnnotationProcessor': no URL paths identified
2017-10-25 21:29:54.221 DEBUG 8104 --- [           main] o.s.w.s.h.BeanNameUrlHandlerMapping      : Rejected bean name 'org.springframework.context.annotation.internalAutowiredAnnotationProcessor': no URL paths identified
2017-10-25 21:29:54.221 DEBUG 8104 --- [           main] o.s.w.s.h.BeanNameUrlHandlerMapping      : Rejected bean name 'org.springframework.context.annotation.internalRequiredAnnotationProcessor': no URL paths identified
2017-10-25 21:29:54.221 DEBUG 8104 --- [           main] o.s.w.s.h.BeanNameUrlHandlerMapping      : Rejected bean name 'org.springframework.context.annotation.internalCommonAnnotationProcessor': no URL paths identified
2017-10-25 21:29:54.221 DEBUG 8104 --- [           main] o.s.w.s.h.BeanNameUrlHandlerMapping      : Rejected bean name 'org.springframework.context.event.internalEventListenerProcessor': no URL paths identified
2017-10-25 21:29:54.221 DEBUG 8104 --- [           main] o.s.w.s.h.BeanNameUrlHandlerMapping      : Rejected bean name 'org.springframework.context.event.internalEventListenerFactory': no URL paths identified
2017-10-25 21:29:54.221 DEBUG 8104 --- [           main] o.s.w.s.h.BeanNameUrlHandlerMapping      : Rejected bean name 'UIApplication': no URL paths identified
2017-10-25 21:29:54.221 DEBUG 8104 --- [           main] o.s.w.s.h.BeanNameUrlHandlerMapping      : Rejected bean name 'org.springframework.boot.autoconfigure.internalCachingMetadataReaderFactory': no URL paths identified
2017-10-25 21:29:54.221 DEBUG 8104 --- [           main] o.s.w.s.h.BeanNameUrlHandlerMapping      : Rejected bean name 'controller': no URL paths identified
2017-10-25 21:29:54.221 DEBUG 8104 --- [           main] o.s.w.s.h.BeanNameUrlHandlerMapping      : Rejected bean name 'requestLogAspect': no URL paths identified
2017-10-25 21:29:54.221 DEBUG 8104 --- [           main] o.s.w.s.h.BeanNameUrlHandlerMapping      : Rejected bean name 'org.springframework.security.oauth2.config.annotation.web.configuration.OAuth2ClientConfiguration$OAuth2ClientContextConfiguration': no URL paths identified
2017-10-25 21:29:54.221 DEBUG 8104 --- [           main] o.s.w.s.h.BeanNameUrlHandlerMapping      : Rejected bean name 'scopedTarget.oauth2ClientContext': no URL paths identified
2017-10-25 21:29:54.221 DEBUG 8104 --- [           main] o.s.w.s.h.BeanNameUrlHandlerMapping      : Rejected bean name 'oauth2ClientContext': no URL paths identified
2017-10-25 21:29:54.221 DEBUG 8104 --- [           main] o.s.w.s.h.BeanNameUrlHandlerMapping      : Rejected bean name 'org.springframework.security.oauth2.config.annotation.web.configuration.OAuth2ClientConfiguration': no URL paths identified
2017-10-25 21:29:54.221 DEBUG 8104 --- [           main] o.s.w.s.h.BeanNameUrlHandlerMapping      : Rejected bean name 'oauth2ClientContextFilter': no URL paths identified
2017-10-25 21:29:54.221 DEBUG 8104 --- [           main] o.s.w.s.h.BeanNameUrlHandlerMapping      : Rejected bean name 'scopedTarget.accessTokenRequest': no URL paths identified
2017-10-25 21:29:54.221 DEBUG 8104 --- [           main] o.s.w.s.h.BeanNameUrlHandlerMapping      : Rejected bean name 'accessTokenRequest': no URL paths identified
2017-10-25 21:29:54.222 DEBUG 8104 --- [           main] o.s.w.s.h.BeanNameUrlHandlerMapping      : Rejected bean name 'org.springframework.boot.autoconfigure.security.oauth2.client.OAuth2SsoCustomConfiguration': no URL paths identified
2017-10-25 21:29:54.222 DEBUG 8104 --- [           main] o.s.w.s.h.BeanNameUrlHandlerMapping      : Rejected bean name 'org.springframework.boot.autoconfigure.condition.BeanTypeRegistry': no URL paths identified
2017-10-25 21:29:54.222 DEBUG 8104 --- [           main] o.s.w.s.h.BeanNameUrlHandlerMapping      : Rejected bean name 'org.springframework.boot.autoconfigure.security.oauth2.resource.ResourceServerTokenServicesConfiguration$RemoteTokenServicesConfiguration$UserInfoTokenServicesConfiguration': no URL paths identified
2017-10-25 21:29:54.222 DEBUG 8104 --- [           main] o.s.w.s.h.BeanNameUrlHandlerMapping      : Rejected bean name 'userInfoTokenServices': no URL paths identified
2017-10-25 21:29:54.222 DEBUG 8104 --- [           main] o.s.w.s.h.BeanNameUrlHandlerMapping      : Rejected bean name 'org.springframework.boot.autoconfigure.security.oauth2.resource.ResourceServerTokenServicesConfiguration$RemoteTokenServicesConfiguration': no URL paths identified
2017-10-25 21:29:54.222 DEBUG 8104 --- [           main] o.s.w.s.h.BeanNameUrlHandlerMapping      : Rejected bean name 'org.springframework.boot.autoconfigure.security.oauth2.resource.ResourceServerTokenServicesConfiguration': no URL paths identified
2017-10-25 21:29:54.222 DEBUG 8104 --- [           main] o.s.w.s.h.BeanNameUrlHandlerMapping      : Rejected bean name 'userInfoRestTemplateFactory': no URL paths identified
2017-10-25 21:29:54.222 DEBUG 8104 --- [           main] o.s.w.s.h.BeanNameUrlHandlerMapping      : Rejected bean name 'org.springframework.boot.autoconfigure.AutoConfigurationPackages': no URL paths identified
2017-10-25 21:29:54.222 DEBUG 8104 --- [           main] o.s.w.s.h.BeanNameUrlHandlerMapping      : Rejected bean name 'org.springframework.aop.config.internalAutoProxyCreator': no URL paths identified
2017-10-25 21:29:54.222 DEBUG 8104 --- [           main] o.s.w.s.h.BeanNameUrlHandlerMapping      : Rejected bean name 'security.oauth2.sso-org.springframework.boot.autoconfigure.security.oauth2.client.OAuth2SsoProperties': no URL paths identified
2017-10-25 21:29:54.222 DEBUG 8104 --- [           main] o.s.w.s.h.BeanNameUrlHandlerMapping      : Rejected bean name 'org.springframework.boot.context.properties.ConfigurationPropertiesBindingPostProcessor': no URL paths identified
2017-10-25 21:29:54.222 DEBUG 8104 --- [           main] o.s.w.s.h.BeanNameUrlHandlerMapping      : Rejected bean name 'org.springframework.boot.context.properties.ConfigurationPropertiesBindingPostProcessor.store': no URL paths identified
2017-10-25 21:29:54.222 DEBUG 8104 --- [           main] o.s.w.s.h.BeanNameUrlHandlerMapping      : Rejected bean name 'org.springframework.boot.autoconfigure.context.PropertyPlaceholderAutoConfiguration': no URL paths identified
2017-10-25 21:29:54.222 DEBUG 8104 --- [           main] o.s.w.s.h.BeanNameUrlHandlerMapping      : Rejected bean name 'propertySourcesPlaceholderConfigurer': no URL paths identified
2017-10-25 21:29:54.222 DEBUG 8104 --- [           main] o.s.w.s.h.BeanNameUrlHandlerMapping      : Rejected bean name 'org.springframework.boot.autoconfigure.jackson.JacksonAutoConfiguration$Jackson2ObjectMapperBuilderCustomizerConfiguration': no URL paths identified
2017-10-25 21:29:54.222 DEBUG 8104 --- [           main] o.s.w.s.h.BeanNameUrlHandlerMapping      : Rejected bean name 'standardJacksonObjectMapperBuilderCustomizer': no URL paths identified
2017-10-25 21:29:54.223 DEBUG 8104 --- [           main] o.s.w.s.h.BeanNameUrlHandlerMapping      : Rejected bean name 'spring.jackson-org.springframework.boot.autoconfigure.jackson.JacksonProperties': no URL paths identified
2017-10-25 21:29:54.223 DEBUG 8104 --- [           main] o.s.w.s.h.BeanNameUrlHandlerMapping      : Rejected bean name 'org.springframework.boot.autoconfigure.jackson.JacksonAutoConfiguration$JacksonObjectMapperBuilderConfiguration': no URL paths identified
2017-10-25 21:29:54.223 DEBUG 8104 --- [           main] o.s.w.s.h.BeanNameUrlHandlerMapping      : Rejected bean name 'jacksonObjectMapperBuilder': no URL paths identified
2017-10-25 21:29:54.223 DEBUG 8104 --- [           main] o.s.w.s.h.BeanNameUrlHandlerMapping      : Rejected bean name 'org.springframework.boot.autoconfigure.jackson.JacksonAutoConfiguration$JacksonObjectMapperConfiguration': no URL paths identified
2017-10-25 21:29:54.223 DEBUG 8104 --- [           main] o.s.w.s.h.BeanNameUrlHandlerMapping      : Rejected bean name 'jacksonObjectMapper': no URL paths identified
2017-10-25 21:29:54.223 DEBUG 8104 --- [           main] o.s.w.s.h.BeanNameUrlHandlerMapping      : Rejected bean name 'org.springframework.boot.autoconfigure.jackson.JacksonAutoConfiguration': no URL paths identified
2017-10-25 21:29:54.223 DEBUG 8104 --- [           main] o.s.w.s.h.BeanNameUrlHandlerMapping      : Rejected bean name 'jsonComponentModule': no URL paths identified
2017-10-25 21:29:54.223 DEBUG 8104 --- [           main] o.s.w.s.h.BeanNameUrlHandlerMapping      : Rejected bean name 'org.springframework.boot.autoconfigure.websocket.WebSocketAutoConfiguration$TomcatWebSocketConfiguration': no URL paths identified
2017-10-25 21:29:54.223 DEBUG 8104 --- [           main] o.s.w.s.h.BeanNameUrlHandlerMapping      : Rejected bean name 'websocketContainerCustomizer': no URL paths identified
2017-10-25 21:29:54.223 DEBUG 8104 --- [           main] o.s.w.s.h.BeanNameUrlHandlerMapping      : Rejected bean name 'org.springframework.boot.autoconfigure.websocket.WebSocketAutoConfiguration': no URL paths identified
2017-10-25 21:29:54.223 DEBUG 8104 --- [           main] o.s.w.s.h.BeanNameUrlHandlerMapping      : Rejected bean name 'org.springframework.boot.autoconfigure.web.EmbeddedServletContainerAutoConfiguration$EmbeddedTomcat': no URL paths identified
2017-10-25 21:29:54.223 DEBUG 8104 --- [           main] o.s.w.s.h.BeanNameUrlHandlerMapping      : Rejected bean name 'tomcatEmbeddedServletContainerFactory': no URL paths identified
2017-10-25 21:29:54.223 DEBUG 8104 --- [           main] o.s.w.s.h.BeanNameUrlHandlerMapping      : Rejected bean name 'org.springframework.boot.autoconfigure.web.EmbeddedServletContainerAutoConfiguration': no URL paths identified
2017-10-25 21:29:54.223 DEBUG 8104 --- [           main] o.s.w.s.h.BeanNameUrlHandlerMapping      : Rejected bean name 'embeddedServletContainerCustomizerBeanPostProcessor': no URL paths identified
2017-10-25 21:29:54.223 DEBUG 8104 --- [           main] o.s.w.s.h.BeanNameUrlHandlerMapping      : Rejected bean name 'errorPageRegistrarBeanPostProcessor': no URL paths identified
2017-10-25 21:29:54.223 DEBUG 8104 --- [           main] o.s.w.s.h.BeanNameUrlHandlerMapping      : Rejected bean name 'org.springframework.boot.autoconfigure.web.DispatcherServletAutoConfiguration$DispatcherServletConfiguration': no URL paths identified
2017-10-25 21:29:54.224 DEBUG 8104 --- [           main] o.s.w.s.h.BeanNameUrlHandlerMapping      : Rejected bean name 'dispatcherServlet': no URL paths identified
2017-10-25 21:29:54.224 DEBUG 8104 --- [           main] o.s.w.s.h.BeanNameUrlHandlerMapping      : Rejected bean name 'spring.mvc-org.springframework.boot.autoconfigure.web.WebMvcProperties': no URL paths identified
2017-10-25 21:29:54.224 DEBUG 8104 --- [           main] o.s.w.s.h.BeanNameUrlHandlerMapping      : Rejected bean name 'org.springframework.boot.autoconfigure.web.DispatcherServletAutoConfiguration$DispatcherServletRegistrationConfiguration': no URL paths identified
2017-10-25 21:29:54.224 DEBUG 8104 --- [           main] o.s.w.s.h.BeanNameUrlHandlerMapping      : Rejected bean name 'dispatcherServletRegistration': no URL paths identified
2017-10-25 21:29:54.224 DEBUG 8104 --- [           main] o.s.w.s.h.BeanNameUrlHandlerMapping      : Rejected bean name 'org.springframework.boot.autoconfigure.web.DispatcherServletAutoConfiguration': no URL paths identified
2017-10-25 21:29:54.224 DEBUG 8104 --- [           main] o.s.w.s.h.BeanNameUrlHandlerMapping      : Rejected bean name 'org.springframework.boot.autoconfigure.validation.ValidationAutoConfiguration': no URL paths identified
2017-10-25 21:29:54.224 DEBUG 8104 --- [           main] o.s.w.s.h.BeanNameUrlHandlerMapping      : Rejected bean name 'defaultValidator': no URL paths identified
2017-10-25 21:29:54.224 DEBUG 8104 --- [           main] o.s.w.s.h.BeanNameUrlHandlerMapping      : Rejected bean name 'methodValidationPostProcessor': no URL paths identified
2017-10-25 21:29:54.224 DEBUG 8104 --- [           main] o.s.w.s.h.BeanNameUrlHandlerMapping      : Rejected bean name 'org.springframework.boot.autoconfigure.security.oauth2.client.OAuth2ProtectedResourceDetailsConfiguration': no URL paths identified
2017-10-25 21:29:54.224 DEBUG 8104 --- [           main] o.s.w.s.h.BeanNameUrlHandlerMapping      : Rejected bean name 'oauth2RemoteResource': no URL paths identified
2017-10-25 21:29:54.224 DEBUG 8104 --- [           main] o.s.w.s.h.BeanNameUrlHandlerMapping      : Rejected bean name 'org.springframework.boot.autoconfigure.security.oauth2.client.OAuth2RestOperationsConfiguration$SessionScopedConfiguration$ClientContextConfiguration': no URL paths identified
2017-10-25 21:29:54.224 DEBUG 8104 --- [           main] o.s.w.s.h.BeanNameUrlHandlerMapping      : Rejected bean name 'org.springframework.boot.autoconfigure.security.oauth2.client.OAuth2RestOperationsConfiguration$SessionScopedConfiguration': no URL paths identified
2017-10-25 21:29:54.224 DEBUG 8104 --- [           main] o.s.w.s.h.BeanNameUrlHandlerMapping      : Rejected bean name 'oauth2ClientFilterRegistration': no URL paths identified
2017-10-25 21:29:54.224 DEBUG 8104 --- [           main] o.s.w.s.h.BeanNameUrlHandlerMapping      : Rejected bean name 'org.springframework.boot.autoconfigure.security.oauth2.client.OAuth2RestOperationsConfiguration': no URL paths identified
2017-10-25 21:29:54.224 DEBUG 8104 --- [           main] o.s.w.s.h.BeanNameUrlHandlerMapping      : Rejected bean name 'org.springframework.boot.autoconfigure.security.oauth2.OAuth2AutoConfiguration': no URL paths identified
2017-10-25 21:29:54.224 DEBUG 8104 --- [           main] o.s.w.s.h.BeanNameUrlHandlerMapping      : Rejected bean name 'resourceServerProperties': no URL paths identified
2017-10-25 21:29:54.224 DEBUG 8104 --- [           main] o.s.w.s.h.BeanNameUrlHandlerMapping      : Rejected bean name 'security.oauth2.client-org.springframework.boot.autoconfigure.security.oauth2.OAuth2ClientProperties': no URL paths identified
2017-10-25 21:29:54.225 DEBUG 8104 --- [           main] o.s.w.s.h.BeanNameUrlHandlerMapping      : Rejected bean name 'org.springframework.boot.autoconfigure.web.ErrorMvcAutoConfiguration$WhitelabelErrorViewConfiguration': no URL paths identified
2017-10-25 21:29:54.225 DEBUG 8104 --- [           main] o.s.w.s.h.BeanNameUrlHandlerMapping      : Rejected bean name 'error': no URL paths identified
2017-10-25 21:29:54.225 DEBUG 8104 --- [           main] o.s.w.s.h.BeanNameUrlHandlerMapping      : Rejected bean name 'beanNameViewResolver': no URL paths identified
2017-10-25 21:29:54.225 DEBUG 8104 --- [           main] o.s.w.s.h.BeanNameUrlHandlerMapping      : Rejected bean name 'org.springframework.boot.autoconfigure.web.ErrorMvcAutoConfiguration$DefaultErrorViewResolverConfiguration': no URL paths identified
2017-10-25 21:29:54.225 DEBUG 8104 --- [           main] o.s.w.s.h.BeanNameUrlHandlerMapping      : Rejected bean name 'conventionErrorViewResolver': no URL paths identified
2017-10-25 21:29:54.225 DEBUG 8104 --- [           main] o.s.w.s.h.BeanNameUrlHandlerMapping      : Rejected bean name 'org.springframework.boot.autoconfigure.web.ErrorMvcAutoConfiguration': no URL paths identified
2017-10-25 21:29:54.225 DEBUG 8104 --- [           main] o.s.w.s.h.BeanNameUrlHandlerMapping      : Rejected bean name 'errorAttributes': no URL paths identified
2017-10-25 21:29:54.225 DEBUG 8104 --- [           main] o.s.w.s.h.BeanNameUrlHandlerMapping      : Rejected bean name 'basicErrorController': no URL paths identified
2017-10-25 21:29:54.225 DEBUG 8104 --- [           main] o.s.w.s.h.BeanNameUrlHandlerMapping      : Rejected bean name 'errorPageCustomizer': no URL paths identified
2017-10-25 21:29:54.225 DEBUG 8104 --- [           main] o.s.w.s.h.BeanNameUrlHandlerMapping      : Rejected bean name 'preserveErrorControllerTargetClassPostProcessor': no URL paths identified
2017-10-25 21:29:54.225 DEBUG 8104 --- [           main] o.s.w.s.h.BeanNameUrlHandlerMapping      : Rejected bean name 'spring.resources-org.springframework.boot.autoconfigure.web.ResourceProperties': no URL paths identified
2017-10-25 21:29:54.225 DEBUG 8104 --- [           main] o.s.w.s.h.BeanNameUrlHandlerMapping      : Rejected bean name 'org.springframework.boot.autoconfigure.web.WebMvcAutoConfiguration$EnableWebMvcConfiguration': no URL paths identified
2017-10-25 21:29:54.225 DEBUG 8104 --- [           main] o.s.w.s.h.BeanNameUrlHandlerMapping      : Rejected bean name 'requestMappingHandlerAdapter': no URL paths identified
2017-10-25 21:29:54.225 DEBUG 8104 --- [           main] o.s.w.s.h.BeanNameUrlHandlerMapping      : Rejected bean name 'requestMappingHandlerMapping': no URL paths identified
2017-10-25 21:29:54.225 DEBUG 8104 --- [           main] o.s.w.s.h.BeanNameUrlHandlerMapping      : Rejected bean name 'mvcValidator': no URL paths identified
2017-10-25 21:29:54.225 DEBUG 8104 --- [           main] o.s.w.s.h.BeanNameUrlHandlerMapping      : Rejected bean name 'mvcContentNegotiationManager': no URL paths identified
2017-10-25 21:29:54.225 DEBUG 8104 --- [           main] o.s.w.s.h.BeanNameUrlHandlerMapping      : Rejected bean name 'mvcPathMatcher': no URL paths identified
2017-10-25 21:29:54.225 DEBUG 8104 --- [           main] o.s.w.s.h.BeanNameUrlHandlerMapping      : Rejected bean name 'mvcUrlPathHelper': no URL paths identified
2017-10-25 21:29:54.226 DEBUG 8104 --- [           main] o.s.w.s.h.BeanNameUrlHandlerMapping      : Rejected bean name 'viewControllerHandlerMapping': no URL paths identified
2017-10-25 21:29:54.226 DEBUG 8104 --- [           main] o.s.w.s.h.BeanNameUrlHandlerMapping      : Rejected bean name 'beanNameHandlerMapping': no URL paths identified
2017-10-25 21:29:54.226 DEBUG 8104 --- [           main] o.s.w.s.h.BeanNameUrlHandlerMapping      : Rejected bean name 'resourceHandlerMapping': no URL paths identified
2017-10-25 21:29:54.226 DEBUG 8104 --- [           main] o.s.w.s.h.BeanNameUrlHandlerMapping      : Rejected bean name 'mvcResourceUrlProvider': no URL paths identified
2017-10-25 21:29:54.226 DEBUG 8104 --- [           main] o.s.w.s.h.BeanNameUrlHandlerMapping      : Rejected bean name 'defaultServletHandlerMapping': no URL paths identified
2017-10-25 21:29:54.226 DEBUG 8104 --- [           main] o.s.w.s.h.BeanNameUrlHandlerMapping      : Rejected bean name 'mvcConversionService': no URL paths identified
2017-10-25 21:29:54.226 DEBUG 8104 --- [           main] o.s.w.s.h.BeanNameUrlHandlerMapping      : Rejected bean name 'mvcUriComponentsContributor': no URL paths identified
2017-10-25 21:29:54.226 DEBUG 8104 --- [           main] o.s.w.s.h.BeanNameUrlHandlerMapping      : Rejected bean name 'httpRequestHandlerAdapter': no URL paths identified
2017-10-25 21:29:54.226 DEBUG 8104 --- [           main] o.s.w.s.h.BeanNameUrlHandlerMapping      : Rejected bean name 'simpleControllerHandlerAdapter': no URL paths identified
2017-10-25 21:29:54.226 DEBUG 8104 --- [           main] o.s.w.s.h.BeanNameUrlHandlerMapping      : Rejected bean name 'handlerExceptionResolver': no URL paths identified
2017-10-25 21:29:54.226 DEBUG 8104 --- [           main] o.s.w.s.h.BeanNameUrlHandlerMapping      : Rejected bean name 'mvcViewResolver': no URL paths identified
2017-10-25 21:29:54.227 DEBUG 8104 --- [           main] o.s.w.s.h.BeanNameUrlHandlerMapping      : Rejected bean name 'mvcHandlerMappingIntrospector': no URL paths identified
2017-10-25 21:29:54.227 DEBUG 8104 --- [           main] o.s.w.s.h.BeanNameUrlHandlerMapping      : Rejected bean name 'org.springframework.boot.autoconfigure.web.WebMvcAutoConfiguration$WebMvcAutoConfigurationAdapter$FaviconConfiguration': no URL paths identified
2017-10-25 21:29:54.227 DEBUG 8104 --- [           main] o.s.w.s.h.BeanNameUrlHandlerMapping      : Rejected bean name 'faviconHandlerMapping': no URL paths identified
2017-10-25 21:29:54.227 DEBUG 8104 --- [           main] o.s.w.s.h.BeanNameUrlHandlerMapping      : Rejected bean name 'faviconRequestHandler': no URL paths identified
2017-10-25 21:29:54.227 DEBUG 8104 --- [           main] o.s.w.s.h.BeanNameUrlHandlerMapping      : Rejected bean name 'org.springframework.boot.autoconfigure.web.WebMvcAutoConfiguration$WebMvcAutoConfigurationAdapter': no URL paths identified
2017-10-25 21:29:54.227 DEBUG 8104 --- [           main] o.s.w.s.h.BeanNameUrlHandlerMapping      : Rejected bean name 'defaultViewResolver': no URL paths identified
2017-10-25 21:29:54.227 DEBUG 8104 --- [           main] o.s.w.s.h.BeanNameUrlHandlerMapping      : Rejected bean name 'viewResolver': no URL paths identified
2017-10-25 21:29:54.227 DEBUG 8104 --- [           main] o.s.w.s.h.BeanNameUrlHandlerMapping      : Rejected bean name 'welcomePageHandlerMapping': no URL paths identified
2017-10-25 21:29:54.227 DEBUG 8104 --- [           main] o.s.w.s.h.BeanNameUrlHandlerMapping      : Rejected bean name 'requestContextFilter': no URL paths identified
2017-10-25 21:29:54.227 DEBUG 8104 --- [           main] o.s.w.s.h.BeanNameUrlHandlerMapping      : Rejected bean name 'org.springframework.boot.autoconfigure.web.WebMvcAutoConfiguration': no URL paths identified
2017-10-25 21:29:54.227 DEBUG 8104 --- [           main] o.s.w.s.h.BeanNameUrlHandlerMapping      : Rejected bean name 'hiddenHttpMethodFilter': no URL paths identified
2017-10-25 21:29:54.227 DEBUG 8104 --- [           main] o.s.w.s.h.BeanNameUrlHandlerMapping      : Rejected bean name 'httpPutFormContentFilter': no URL paths identified
2017-10-25 21:29:54.227 DEBUG 8104 --- [           main] o.s.w.s.h.BeanNameUrlHandlerMapping      : Rejected bean name 'org.springframework.boot.autoconfigure.jmx.JmxAutoConfiguration': no URL paths identified
2017-10-25 21:29:54.227 DEBUG 8104 --- [           main] o.s.w.s.h.BeanNameUrlHandlerMapping      : Rejected bean name 'mbeanExporter': no URL paths identified
2017-10-25 21:29:54.227 DEBUG 8104 --- [           main] o.s.w.s.h.BeanNameUrlHandlerMapping      : Rejected bean name 'objectNamingStrategy': no URL paths identified
2017-10-25 21:29:54.227 DEBUG 8104 --- [           main] o.s.w.s.h.BeanNameUrlHandlerMapping      : Rejected bean name 'mbeanServer': no URL paths identified
2017-10-25 21:29:54.227 DEBUG 8104 --- [           main] o.s.w.s.h.BeanNameUrlHandlerMapping      : Rejected bean name 'org.springframework.boot.autoconfigure.aop.AopAutoConfiguration$JdkDynamicAutoProxyConfiguration': no URL paths identified
2017-10-25 21:29:54.227 DEBUG 8104 --- [           main] o.s.w.s.h.BeanNameUrlHandlerMapping      : Rejected bean name 'org.springframework.boot.autoconfigure.aop.AopAutoConfiguration': no URL paths identified
2017-10-25 21:29:54.228 DEBUG 8104 --- [           main] o.s.w.s.h.BeanNameUrlHandlerMapping      : Rejected bean name 'org.springframework.boot.autoconfigure.context.ConfigurationPropertiesAutoConfiguration': no URL paths identified
2017-10-25 21:29:54.228 DEBUG 8104 --- [           main] o.s.w.s.h.BeanNameUrlHandlerMapping      : Rejected bean name 'org.springframework.boot.autoconfigure.web.HttpMessageConvertersAutoConfiguration$StringHttpMessageConverterConfiguration': no URL paths identified
2017-10-25 21:29:54.228 DEBUG 8104 --- [           main] o.s.w.s.h.BeanNameUrlHandlerMapping      : Rejected bean name 'stringHttpMessageConverter': no URL paths identified
2017-10-25 21:29:54.228 DEBUG 8104 --- [           main] o.s.w.s.h.BeanNameUrlHandlerMapping      : Rejected bean name 'spring.http.encoding-org.springframework.boot.autoconfigure.web.HttpEncodingProperties': no URL paths identified
2017-10-25 21:29:54.228 DEBUG 8104 --- [           main] o.s.w.s.h.BeanNameUrlHandlerMapping      : Rejected bean name 'org.springframework.boot.autoconfigure.web.JacksonHttpMessageConvertersConfiguration$MappingJackson2HttpMessageConverterConfiguration': no URL paths identified
2017-10-25 21:29:54.228 DEBUG 8104 --- [           main] o.s.w.s.h.BeanNameUrlHandlerMapping      : Rejected bean name 'mappingJackson2HttpMessageConverter': no URL paths identified
2017-10-25 21:29:54.228 DEBUG 8104 --- [           main] o.s.w.s.h.BeanNameUrlHandlerMapping      : Rejected bean name 'org.springframework.boot.autoconfigure.web.JacksonHttpMessageConvertersConfiguration': no URL paths identified
2017-10-25 21:29:54.228 DEBUG 8104 --- [           main] o.s.w.s.h.BeanNameUrlHandlerMapping      : Rejected bean name 'org.springframework.boot.autoconfigure.web.HttpMessageConvertersAutoConfiguration': no URL paths identified
2017-10-25 21:29:54.228 DEBUG 8104 --- [           main] o.s.w.s.h.BeanNameUrlHandlerMapping      : Rejected bean name 'messageConverters': no URL paths identified
2017-10-25 21:29:54.228 DEBUG 8104 --- [           main] o.s.w.s.h.BeanNameUrlHandlerMapping      : Rejected bean name 'org.springframework.boot.autoconfigure.security.SpringBootWebSecurityConfiguration$ApplicationWebSecurityConfigurerAdapter': no URL paths identified
2017-10-25 21:29:54.228 DEBUG 8104 --- [           main] o.s.w.s.h.BeanNameUrlHandlerMapping      : Rejected bean name 'org.springframework.security.config.annotation.configuration.ObjectPostProcessorConfiguration': no URL paths identified
2017-10-25 21:29:54.228 DEBUG 8104 --- [           main] o.s.w.s.h.BeanNameUrlHandlerMapping      : Rejected bean name 'objectPostProcessor': no URL paths identified
2017-10-25 21:29:54.228 DEBUG 8104 --- [           main] o.s.w.s.h.BeanNameUrlHandlerMapping      : Rejected bean name 'org.springframework.security.config.annotation.authentication.configuration.AuthenticationConfiguration': no URL paths identified
2017-10-25 21:29:54.228 DEBUG 8104 --- [           main] o.s.w.s.h.BeanNameUrlHandlerMapping      : Rejected bean name 'authenticationManagerBuilder': no URL paths identified
2017-10-25 21:29:54.228 DEBUG 8104 --- [           main] o.s.w.s.h.BeanNameUrlHandlerMapping      : Rejected bean name 'enableGlobalAuthenticationAutowiredConfigurer': no URL paths identified
2017-10-25 21:29:54.228 DEBUG 8104 --- [           main] o.s.w.s.h.BeanNameUrlHandlerMapping      : Rejected bean name 'initializeUserDetailsBeanManagerConfigurer': no URL paths identified
2017-10-25 21:29:54.229 DEBUG 8104 --- [           main] o.s.w.s.h.BeanNameUrlHandlerMapping      : Rejected bean name 'initializeAuthenticationProviderBeanManagerConfigurer': no URL paths identified
2017-10-25 21:29:54.229 DEBUG 8104 --- [           main] o.s.w.s.h.BeanNameUrlHandlerMapping      : Rejected bean name 'org.springframework.security.config.annotation.web.configuration.WebSecurityConfiguration': no URL paths identified
2017-10-25 21:29:54.229 DEBUG 8104 --- [           main] o.s.w.s.h.BeanNameUrlHandlerMapping      : Rejected bean name 'delegatingApplicationListener': no URL paths identified
2017-10-25 21:29:54.229 DEBUG 8104 --- [           main] o.s.w.s.h.BeanNameUrlHandlerMapping      : Rejected bean name 'webSecurityExpressionHandler': no URL paths identified
2017-10-25 21:29:54.229 DEBUG 8104 --- [           main] o.s.w.s.h.BeanNameUrlHandlerMapping      : Rejected bean name 'springSecurityFilterChain': no URL paths identified
2017-10-25 21:29:54.229 DEBUG 8104 --- [           main] o.s.w.s.h.BeanNameUrlHandlerMapping      : Rejected bean name 'privilegeEvaluator': no URL paths identified
2017-10-25 21:29:54.229 DEBUG 8104 --- [           main] o.s.w.s.h.BeanNameUrlHandlerMapping      : Rejected bean name 'autowiredWebSecurityConfigurersIgnoreParents': no URL paths identified
2017-10-25 21:29:54.229 DEBUG 8104 --- [           main] o.s.w.s.h.BeanNameUrlHandlerMapping      : Rejected bean name 'org.springframework.security.config.annotation.web.configuration.WebMvcSecurityConfiguration': no URL paths identified
2017-10-25 21:29:54.229 DEBUG 8104 --- [           main] o.s.w.s.h.BeanNameUrlHandlerMapping      : Rejected bean name 'requestDataValueProcessor': no URL paths identified
2017-10-25 21:29:54.229 DEBUG 8104 --- [           main] o.s.w.s.h.BeanNameUrlHandlerMapping      : Rejected bean name 'org.springframework.boot.autoconfigure.security.SpringBootWebSecurityConfiguration': no URL paths identified
2017-10-25 21:29:54.229 DEBUG 8104 --- [           main] o.s.w.s.h.BeanNameUrlHandlerMapping      : Rejected bean name 'ignoredPathsWebSecurityConfigurerAdapter': no URL paths identified
2017-10-25 21:29:54.229 DEBUG 8104 --- [           main] o.s.w.s.h.BeanNameUrlHandlerMapping      : Rejected bean name 'defaultIgnoredRequestsCustomizer': no URL paths identified
2017-10-25 21:29:54.229 DEBUG 8104 --- [           main] o.s.w.s.h.BeanNameUrlHandlerMapping      : Rejected bean name 'org.springframework.boot.autoconfigure.security.AuthenticationManagerConfiguration': no URL paths identified
2017-10-25 21:29:54.229 DEBUG 8104 --- [           main] o.s.w.s.h.BeanNameUrlHandlerMapping      : Rejected bean name 'authenticationManager': no URL paths identified
2017-10-25 21:29:54.229 DEBUG 8104 --- [           main] o.s.w.s.h.BeanNameUrlHandlerMapping      : Rejected bean name 'springBootAuthenticationConfigurerAdapter': no URL paths identified
2017-10-25 21:29:54.229 DEBUG 8104 --- [           main] o.s.w.s.h.BeanNameUrlHandlerMapping      : Rejected bean name 'authenticationManagerConfigurationListener': no URL paths identified
2017-10-25 21:29:54.229 DEBUG 8104 --- [           main] o.s.w.s.h.BeanNameUrlHandlerMapping      : Rejected bean name 'org.springframework.boot.autoconfigure.security.BootGlobalAuthenticationConfiguration': no URL paths identified
2017-10-25 21:29:54.230 DEBUG 8104 --- [           main] o.s.w.s.h.BeanNameUrlHandlerMapping      : Rejected bean name 'bootGlobalAuthenticationConfigurationAdapter': no URL paths identified
2017-10-25 21:29:54.230 DEBUG 8104 --- [           main] o.s.w.s.h.BeanNameUrlHandlerMapping      : Rejected bean name 'org.springframework.boot.autoconfigure.security.SecurityAutoConfiguration': no URL paths identified
2017-10-25 21:29:54.230 DEBUG 8104 --- [           main] o.s.w.s.h.BeanNameUrlHandlerMapping      : Rejected bean name 'authenticationEventPublisher': no URL paths identified
2017-10-25 21:29:54.230 DEBUG 8104 --- [           main] o.s.w.s.h.BeanNameUrlHandlerMapping      : Rejected bean name 'securityProperties': no URL paths identified
2017-10-25 21:29:54.230 DEBUG 8104 --- [           main] o.s.w.s.h.BeanNameUrlHandlerMapping      : Rejected bean name 'org.springframework.boot.autoconfigure.info.ProjectInfoAutoConfiguration': no URL paths identified
2017-10-25 21:29:54.230 DEBUG 8104 --- [           main] o.s.w.s.h.BeanNameUrlHandlerMapping      : Rejected bean name 'spring.info-org.springframework.boot.autoconfigure.info.ProjectInfoProperties': no URL paths identified
2017-10-25 21:29:54.230 DEBUG 8104 --- [           main] o.s.w.s.h.BeanNameUrlHandlerMapping      : Rejected bean name 'org.springframework.boot.autoconfigure.security.SecurityFilterAutoConfiguration': no URL paths identified
2017-10-25 21:29:54.230 DEBUG 8104 --- [           main] o.s.w.s.h.BeanNameUrlHandlerMapping      : Rejected bean name 'securityFilterChainRegistration': no URL paths identified
2017-10-25 21:29:54.230 DEBUG 8104 --- [           main] o.s.w.s.h.BeanNameUrlHandlerMapping      : Rejected bean name 'org.springframework.boot.autoconfigure.web.HttpEncodingAutoConfiguration': no URL paths identified
2017-10-25 21:29:54.230 DEBUG 8104 --- [           main] o.s.w.s.h.BeanNameUrlHandlerMapping      : Rejected bean name 'characterEncodingFilter': no URL paths identified
2017-10-25 21:29:54.230 DEBUG 8104 --- [           main] o.s.w.s.h.BeanNameUrlHandlerMapping      : Rejected bean name 'localeCharsetMappingsCustomizer': no URL paths identified
2017-10-25 21:29:54.230 DEBUG 8104 --- [           main] o.s.w.s.h.BeanNameUrlHandlerMapping      : Rejected bean name 'org.springframework.boot.autoconfigure.web.MultipartAutoConfiguration': no URL paths identified
2017-10-25 21:29:54.230 DEBUG 8104 --- [           main] o.s.w.s.h.BeanNameUrlHandlerMapping      : Rejected bean name 'multipartConfigElement': no URL paths identified
2017-10-25 21:29:54.230 DEBUG 8104 --- [           main] o.s.w.s.h.BeanNameUrlHandlerMapping      : Rejected bean name 'multipartResolver': no URL paths identified
2017-10-25 21:29:54.230 DEBUG 8104 --- [           main] o.s.w.s.h.BeanNameUrlHandlerMapping      : Rejected bean name 'spring.http.multipart-org.springframework.boot.autoconfigure.web.MultipartProperties': no URL paths identified
2017-10-25 21:29:54.230 DEBUG 8104 --- [           main] o.s.w.s.h.BeanNameUrlHandlerMapping      : Rejected bean name 'org.springframework.boot.autoconfigure.web.ServerPropertiesAutoConfiguration': no URL paths identified
2017-10-25 21:29:54.230 DEBUG 8104 --- [           main] o.s.w.s.h.BeanNameUrlHandlerMapping      : Rejected bean name 'serverProperties': no URL paths identified
2017-10-25 21:29:54.230 DEBUG 8104 --- [           main] o.s.w.s.h.BeanNameUrlHandlerMapping      : Rejected bean name 'duplicateServerPropertiesDetector': no URL paths identified
2017-10-25 21:29:54.230 DEBUG 8104 --- [           main] o.s.w.s.h.BeanNameUrlHandlerMapping      : Rejected bean name 'org.springframework.boot.autoconfigure.web.WebClientAutoConfiguration$RestTemplateConfiguration': no URL paths identified
2017-10-25 21:29:54.231 DEBUG 8104 --- [           main] o.s.w.s.h.BeanNameUrlHandlerMapping      : Rejected bean name 'restTemplateBuilder': no URL paths identified
2017-10-25 21:29:54.231 DEBUG 8104 --- [           main] o.s.w.s.h.BeanNameUrlHandlerMapping      : Rejected bean name 'org.springframework.boot.autoconfigure.web.WebClientAutoConfiguration': no URL paths identified
2017-10-25 21:29:54.231 DEBUG 8104 --- [           main] o.s.w.s.h.BeanNameUrlHandlerMapping      : Rejected bean name 'autoConfigurationReport': no URL paths identified
2017-10-25 21:29:54.231 DEBUG 8104 --- [           main] o.s.w.s.h.BeanNameUrlHandlerMapping      : Rejected bean name 'springApplicationArguments': no URL paths identified
2017-10-25 21:29:54.231 DEBUG 8104 --- [           main] o.s.w.s.h.BeanNameUrlHandlerMapping      : Rejected bean name 'springBootBanner': no URL paths identified
2017-10-25 21:29:54.231 DEBUG 8104 --- [           main] o.s.w.s.h.BeanNameUrlHandlerMapping      : Rejected bean name 'springBootLoggingSystem': no URL paths identified
2017-10-25 21:29:54.231 DEBUG 8104 --- [           main] o.s.w.s.h.BeanNameUrlHandlerMapping      : Rejected bean name 'environment': no URL paths identified
2017-10-25 21:29:54.231 DEBUG 8104 --- [           main] o.s.w.s.h.BeanNameUrlHandlerMapping      : Rejected bean name 'systemProperties': no URL paths identified
2017-10-25 21:29:54.231 DEBUG 8104 --- [           main] o.s.w.s.h.BeanNameUrlHandlerMapping      : Rejected bean name 'systemEnvironment': no URL paths identified
2017-10-25 21:29:54.231 DEBUG 8104 --- [           main] o.s.w.s.h.BeanNameUrlHandlerMapping      : Rejected bean name 'org.springframework.context.annotation.ConfigurationClassPostProcessor.importRegistry': no URL paths identified
2017-10-25 21:29:54.231 DEBUG 8104 --- [           main] o.s.w.s.h.BeanNameUrlHandlerMapping      : Rejected bean name 'messageSource': no URL paths identified
2017-10-25 21:29:54.231 DEBUG 8104 --- [           main] o.s.w.s.h.BeanNameUrlHandlerMapping      : Rejected bean name 'applicationEventMulticaster': no URL paths identified
2017-10-25 21:29:54.231 DEBUG 8104 --- [           main] o.s.w.s.h.BeanNameUrlHandlerMapping      : Rejected bean name 'servletContext': no URL paths identified
2017-10-25 21:29:54.231 DEBUG 8104 --- [           main] o.s.w.s.h.BeanNameUrlHandlerMapping      : Rejected bean name 'contextParameters': no URL paths identified
2017-10-25 21:29:54.231 DEBUG 8104 --- [           main] o.s.w.s.h.BeanNameUrlHandlerMapping      : Rejected bean name 'contextAttributes': no URL paths identified
2017-10-25 21:29:54.250  INFO 8104 --- [           main] o.s.w.s.handler.SimpleUrlHandlerMapping  : Mapped URL path [/webjars/**] onto handler of type [class org.springframework.web.servlet.resource.ResourceHttpRequestHandler]
2017-10-25 21:29:54.250  INFO 8104 --- [           main] o.s.w.s.handler.SimpleUrlHandlerMapping  : Mapped URL path [/**] onto handler of type [class org.springframework.web.servlet.resource.ResourceHttpRequestHandler]
2017-10-25 21:29:54.268 DEBUG 8104 --- [           main] .m.m.a.ExceptionHandlerExceptionResolver : Looking for exception mappings: org.springframework.boot.context.embedded.AnnotationConfigEmbeddedWebApplicationContext@4f8e5cde: startup date [Wed Oct 25 21:29:50 EDT 2017]; root of context hierarchy
2017-10-25 21:29:54.309  INFO 8104 --- [           main] o.s.w.s.handler.SimpleUrlHandlerMapping  : Mapped URL path [/**/favicon.ico] onto handler of type [class org.springframework.web.servlet.resource.ResourceHttpRequestHandler]
2017-10-25 21:29:54.347  INFO 8104 --- [           main] oConfiguration$WelcomePageHandlerMapping : Adding welcome page: class path resource [static/index.html]
2017-10-25 21:29:54.622 DEBUG 8104 --- [           main] eGlobalAuthenticationAutowiredConfigurer : Eagerly initializing {org.springframework.boot.autoconfigure.security.SpringBootWebSecurityConfiguration=org.springframework.boot.autoconfigure.security.SpringBootWebSecurityConfiguration$$EnhancerBySpringCGLIB$$16bf0c46@4135c3b}
2017-10-25 21:29:54.637  INFO 8104 --- [           main] b.a.s.AuthenticationManagerConfiguration : 

Using default security password: 3629cbf3-a70b-4d4e-b2c8-358ed9879457

2017-10-25 21:29:54.705 DEBUG 8104 --- [           main] s.s.c.a.w.c.WebSecurityConfigurerAdapter : Using default configure(HttpSecurity). If subclassed this will potentially override subclass configure(HttpSecurity).
2017-10-25 21:29:54.734  INFO 8104 --- [           main] o.s.s.web.DefaultSecurityFilterChain     : Creating filter chain: OrRequestMatcher [requestMatchers=[Ant [pattern='/css/**'], Ant [pattern='/js/**'], Ant [pattern='/images/**'], Ant [pattern='/webjars/**'], Ant [pattern='/**/favicon.ico'], Ant [pattern='/error']]], []
2017-10-25 21:29:54.824 DEBUG 8104 --- [           main] edFilterInvocationSecurityMetadataSource : Adding web access control expression 'authenticated', for org.springframework.security.web.util.matcher.AnyRequestMatcher@1
2017-10-25 21:29:54.836 DEBUG 8104 --- [           main] o.s.s.w.a.i.FilterSecurityInterceptor    : Validated configuration attributes
2017-10-25 21:29:54.838 DEBUG 8104 --- [           main] o.s.s.w.a.i.FilterSecurityInterceptor    : Validated configuration attributes
2017-10-25 21:29:54.872  INFO 8104 --- [           main] o.s.s.web.DefaultSecurityFilterChain     : Creating filter chain: org.springframework.security.web.util.matcher.AnyRequestMatcher@1, [org.springframework.security.web.context.request.async.WebAsyncManagerIntegrationFilter@229f66ed, org.springframework.security.web.context.SecurityContextPersistenceFilter@7c7a06ec, org.springframework.security.web.header.HeaderWriterFilter@175c2241, org.springframework.security.web.csrf.CsrfFilter@2b71e916, org.springframework.security.web.authentication.logout.LogoutFilter@6025e1b6, org.springframework.security.oauth2.client.filter.OAuth2ClientAuthenticationProcessingFilter@31190526, org.springframework.security.web.authentication.UsernamePasswordAuthenticationFilter@385c9627, org.springframework.security.web.authentication.ui.DefaultLoginPageGeneratingFilter@22555ebf, org.springframework.security.web.authentication.www.BasicAuthenticationFilter@217ed35e, org.springframework.security.web.savedrequest.RequestCacheAwareFilter@557caf28, org.springframework.security.web.servletapi.SecurityContextHolderAwareRequestFilter@3c46e67a, org.springframework.security.web.authentication.AnonymousAuthenticationFilter@662ac478, org.springframework.security.web.session.SessionManagementFilter@5b7a5baa, org.springframework.security.web.access.ExceptionTranslationFilter@3754a4bf, org.springframework.security.web.access.intercept.FilterSecurityInterceptor@dd05255]
2017-10-25 21:29:54.879 DEBUG 8104 --- [           main] edFilterInvocationSecurityMetadataSource : Adding web access control expression 'hasAnyRole('ROLE_USER')', for org.springframework.security.web.util.matcher.AnyRequestMatcher@1
2017-10-25 21:29:54.882 DEBUG 8104 --- [           main] o.s.s.w.a.i.FilterSecurityInterceptor    : Validated configuration attributes
2017-10-25 21:29:54.882 DEBUG 8104 --- [           main] o.s.s.w.a.i.FilterSecurityInterceptor    : Validated configuration attributes
2017-10-25 21:29:54.882  INFO 8104 --- [           main] o.s.s.web.DefaultSecurityFilterChain     : Creating filter chain: OrRequestMatcher [requestMatchers=[Ant [pattern='/**']]], [org.springframework.security.web.context.request.async.WebAsyncManagerIntegrationFilter@74e52ef6, org.springframework.security.web.context.SecurityContextPersistenceFilter@6f03482, org.springframework.security.web.header.HeaderWriterFilter@1e800aaa, org.springframework.security.web.authentication.logout.LogoutFilter@3b0090a4, org.springframework.security.web.authentication.www.BasicAuthenticationFilter@3cd3e762, org.springframework.security.web.savedrequest.RequestCacheAwareFilter@9d5509a, org.springframework.security.web.servletapi.SecurityContextHolderAwareRequestFilter@179ece50, org.springframework.security.web.authentication.AnonymousAuthenticationFilter@6ed3ccb2, org.springframework.security.web.session.SessionManagementFilter@185a6e9, org.springframework.security.web.access.ExceptionTranslationFilter@5bda8e08, org.springframework.security.web.access.intercept.FilterSecurityInterceptor@62ddbd7e]
2017-10-25 21:29:55.074  INFO 8104 --- [           main] o.s.j.e.a.AnnotationMBeanExporter        : Registering beans for JMX exposure on startup
2017-10-25 21:29:55.086 DEBUG 8104 --- [           main] o.s.w.s.resource.ResourceUrlProvider     : Looking for resource handler mappings
2017-10-25 21:29:55.088 DEBUG 8104 --- [           main] o.s.w.s.resource.ResourceUrlProvider     : Found resource handler mapping: URL pattern="/**/favicon.ico", locations=[ServletContext resource [/], class path resource [META-INF/resources/], class path resource [resources/], class path resource [static/], class path resource [public/], class path resource []], resolvers=[org.springframework.web.servlet.resource.PathResourceResolver@7817fd62]
2017-10-25 21:29:55.088 DEBUG 8104 --- [           main] o.s.w.s.resource.ResourceUrlProvider     : Found resource handler mapping: URL pattern="/webjars/**", locations=[class path resource [META-INF/resources/webjars/]], resolvers=[org.springframework.web.servlet.resource.PathResourceResolver@8297b3a]
2017-10-25 21:29:55.088 DEBUG 8104 --- [           main] o.s.w.s.resource.ResourceUrlProvider     : Found resource handler mapping: URL pattern="/**", locations=[ServletContext resource [/], class path resource [META-INF/resources/], class path resource [resources/], class path resource [static/], class path resource [public/]], resolvers=[org.springframework.web.servlet.resource.PathResourceResolver@2362f559]
2017-10-25 21:29:55.147  INFO 8104 --- [           main] s.b.c.e.t.TomcatEmbeddedServletContainer : Tomcat started on port(s): 8080 (http)
2017-10-25 21:29:55.148 DEBUG 8104 --- [           main] o.s.w.c.s.StandardServletEnvironment     : Adding PropertySource 'server.ports' with highest search precedence
2017-10-25 21:29:55.154  INFO 8104 --- [           main] com.paytm.UIApplication                  : Started UIApplication in 5.345 seconds (JVM running for 5.81)
